0 info it worked if it ends with ok
1 verbose cli [ '/usr/bin/node',
1 verbose cli   '/usr/bin/npm',
1 verbose cli   'install',
1 verbose cli   '-g',
1 verbose cli   'npm_requirements' ]
2 info using npm@1.4.21
3 info using node@v8.9.3
4 verbose cache add [ 'npm_requirements', null ]
5 verbose cache add name=undefined spec="npm_requirements" args=["npm_requirements",null]
6 verbose parsed url Url {
6 verbose parsed url   protocol: null,
6 verbose parsed url   slashes: null,
6 verbose parsed url   auth: null,
6 verbose parsed url   host: null,
6 verbose parsed url   port: null,
6 verbose parsed url   hostname: null,
6 verbose parsed url   hash: null,
6 verbose parsed url   search: null,
6 verbose parsed url   query: null,
6 verbose parsed url   pathname: 'npm_requirements',
6 verbose parsed url   path: 'npm_requirements',
6 verbose parsed url   href: 'npm_requirements' }
7 silly lockFile 515fed1b-npm-requirements npm_requirements
8 verbose lock npm_requirements /home/far/.npm/515fed1b-npm-requirements.lock
9 silly lockFile 515fed1b-npm-requirements npm_requirements
10 silly lockFile 515fed1b-npm-requirements npm_requirements
11 verbose addNamed [ 'npm_requirements', '' ]
12 verbose addNamed [ null, '*' ]
13 silly lockFile 524c16ab-npm-requirements npm_requirements@
14 verbose lock npm_requirements@ /home/far/.npm/524c16ab-npm-requirements.lock
15 silly addNameRange { name: 'npm_requirements', range: '*', hasData: false }
16 verbose request where is /npm_requirements
17 verbose request registry https://registry.npmjs.org/
18 verbose request id f03278edac0c679f
19 verbose url raw /npm_requirements
20 verbose url resolving [ 'https://registry.npmjs.org/', './npm_requirements' ]
21 verbose url resolved https://registry.npmjs.org/npm_requirements
22 verbose request where is https://registry.npmjs.org/npm_requirements
23 info trying registry request attempt 1 at 0:44:51
24 http GET https://registry.npmjs.org/npm_requirements
25 http 404 https://registry.npmjs.org/npm_requirements
26 silly registry.get cb [ 404,
26 silly registry.get   { 'content-type': 'application/json',
26 silly registry.get     'cache-control': 'max-age=0',
26 silly registry.get     'content-length': '2',
26 silly registry.get     'accept-ranges': 'bytes',
26 silly registry.get     date: 'Wed, 21 Mar 2018 21:46:17 GMT',
26 silly registry.get     via: '1.1 varnish',
26 silly registry.get     connection: 'close',
26 silly registry.get     'x-served-by': 'cache-bma7024-BMA',
26 silly registry.get     'x-cache': 'MISS',
26 silly registry.get     'x-cache-hits': '0',
26 silly registry.get     'x-timer': 'S1521668776.016663,VS0,VE1578',
26 silly registry.get     vary: 'Accept-Encoding' } ]
27 silly lockFile 524c16ab-npm-requirements npm_requirements@
28 silly lockFile 524c16ab-npm-requirements npm_requirements@
29 error 404 Not Found
29 error 404
29 error 404 'npm_requirements' is not in the npm registry.
29 error 404 You should bug the author to publish it
29 error 404
29 error 404 Note that you can also install from a
29 error 404 tarball, folder, or http url, or git url.
30 error System Linux 4.14.0-parrot13-amd64
31 error command "/usr/bin/node" "/usr/bin/npm" "install" "-g" "npm_requirements"
32 error cwd /home/far/Documents/Django_work
33 error node -v v8.9.3
34 error npm -v 1.4.21
35 error code E404
36 verbose exit [ 1, true ]
